#
# There is insufficient memory for the Java Runtime Environment to continue.
# Native memory allocation (malloc) failed to allocate 65552 bytes for Chunk::new
# Possible reasons:
#   The system is out of physical RAM or swap space
#   The process is running with CompressedOops enabled, and the Java Heap may be blocking the growth of the native heap
# Possible solutions:
#   Reduce memory load on the system
#   Increase physical memory or swap space
#   Check if swap backing store is full
#   Decrease Java heap size (-Xmx/-Xms)
#   Decrease number of Java threads
#   Decrease Java thread stack sizes (-Xss)
#   Set larger code cache with -XX:ReservedCodeCacheSize=
#   JVM is running with Zero Based Compressed Oops mode in which the Java heap is
#     placed in the first 32GB address space. The Java Heap base address is the
#     maximum limit for the native heap growth. Please use -XX:HeapBaseMinAddress
#     to set the Java Heap base and to place the Java Heap above 32GB virtual address.
# This output file may be truncated or incomplete.
#
#  Out of Memory Error (t:/workspace/open/src/hotspot/share/memory/arena.cpp:197), pid=24408, tid=19976
#
# JRE version: OpenJDK Runtime Environment (11.0.1+13) (build 11.0.1+13)
# Java VM: OpenJDK 64-Bit Server VM (11.0.1+13, mixed mode, tiered, compressed oops, g1 gc, windows-amd64)
# No core dump will be written. Minidumps are not enabled by default on client versions of Windows
#

---------------  S U M M A R Y ------------

Command Line: -ea -Dfile.encoding=Cp1252 org.testng.remote.RemoteTestNG -serport 53875 -protocol json -d C:\Users\sangeethapanicker\eclipse-workspace-new\ExitTest_Sangeetha\test-output C:\Users\SANGEE~1\AppData\Local\Temp\testng-eclipse--995856412\testng-customsuite.xml

Host: Intel(R) Core(TM) i5-10210U CPU @ 1.60GHz, 8 cores, 15G,  Windows 10 , 64 bit Build 19041 (10.0.19041.1706)
Time: Fri Jun  3 01:43:33 2022 India Standard Time elapsed time: 3 seconds (0d 0h 0m 3s)

---------------  T H R E A D  ---------------

Current thread (0x0000023ceef9c000):  JavaThread "C2 CompilerThread0" daemon [_thread_in_native, id=19976, stack(0x000000b107900000,0x000000b107a00000)]


Current CompileTask:
C2:   3856 2121   !   4       jdk.internal.loader.BuiltinClassLoader::loadClassOrNull (143 bytes)

Stack: [0x000000b107900000,0x000000b107a00000]
Native frames: (J=compiled Java code, j=interpreted, Vv=VM code, C=native code)
V  [jvm.dll+0x63ad9a]
V  [jvm.dll+0x77851f]
V  [jvm.dll+0x779b08]
V  [jvm.dll+0x77a1c3]
V  [jvm.dll+0x2624c8]
V  [jvm.dll+0xc5b61]
V  [jvm.dll+0xc60fc]
V  [jvm.dll+0xc5c50]
V  [jvm.dll+0x66856f]
V  [jvm.dll+0x543801]
V  [jvm.dll+0x542c66]
V  [jvm.dll+0x54242f]
V  [jvm.dll+0x5423f6]
V  [jvm.dll+0x542443]
V  [jvm.dll+0x542443]
V  [jvm.dll+0x542443]
V  [jvm.dll+0x542443]
V  [jvm.dll+0x542443]
V  [jvm.dll+0x542443]
V  [jvm.dll+0x542443]
V  [jvm.dll+0x5533f7]
V  [jvm.dll+0x21de59]
V  [jvm.dll+0x21b3e6]
V  [jvm.dll+0x198400]
V  [jvm.dll+0x22a4ff]
V  [jvm.dll+0x228b18]
V  [jvm.dll+0x73dc2d]
V  [jvm.dll+0x639e32]
C  [ucrtbase.dll+0x21bb2]
C  [KERNEL32.DLL+0x17034]
C  [ntdll.dll+0x52651]


---------------  P R O C E S S  ---------------

Threads class SMR info:
_java_thread_list=0x0000023cf055ddf0, length=22, elements={
0x0000023cca767800, 0x0000023cee67f000, 0x0000023cee688000, 0x0000023ceef98000,
0x0000023ceef9a000, 0x0000023ceef9c000, 0x0000023ceef4e800, 0x0000023ceefc7000,
0x0000023cef0fe800, 0x0000023cef101000, 0x0000023cef103800, 0x0000023cef102800,
0x0000023cef101800, 0x0000023cef0ff000, 0x0000023cef0fd800, 0x0000023cef104000,
0x0000023cef100000, 0x0000023ceffb7000, 0x0000023ceffb7800, 0x0000023ceffb9800,
0x0000023ceffb8800, 0x0000023cf03d8000
}

Java Threads: ( => current thread )
  0x0000023cca767800 JavaThread "main" [_thread_in_vm, id=25180, stack(0x000000b106e00000,0x000000b106f00000)]
  0x0000023cee67f000 JavaThread "Reference Handler" daemon [_thread_blocked, id=27144, stack(0x000000b107500000,0x000000b107600000)]
  0x0000023cee688000 JavaThread "Finalizer" daemon [_thread_blocked, id=17576, stack(0x000000b107600000,0x000000b107700000)]
  0x0000023ceef98000 JavaThread "Signal Dispatcher" daemon [_thread_blocked, id=10440, stack(0x000000b107700000,0x000000b107800000)]
  0x0000023ceef9a000 JavaThread "Attach Listener" daemon [_thread_blocked, id=17200, stack(0x000000b107800000,0x000000b107900000)]
=>0x0000023ceef9c000 JavaThread "C2 CompilerThread0" daemon [_thread_in_native, id=19976, stack(0x000000b107900000,0x000000b107a00000)]
  0x0000023ceef4e800 JavaThread "C1 CompilerThread0" daemon [_thread_blocked, id=1120, stack(0x000000b107a00000,0x000000b107b00000)]
  0x0000023ceefc7000 JavaThread "Sweeper thread" daemon [_thread_blocked, id=25488, stack(0x000000b107b00000,0x000000b107c00000)]
  0x0000023cef0fe800 JavaThread "Service Thread" daemon [_thread_blocked, id=11000, stack(0x000000b107c00000,0x000000b107d00000)]
  0x0000023cef101000 JavaThread "Common-Cleaner" daemon [_thread_blocked, id=23560, stack(0x000000b107e00000,0x000000b107f00000)]
  0x0000023cef103800 JavaThread "ReaderThread" [_thread_in_native, id=3268, stack(0x000000b108100000,0x000000b108200000)]
  0x0000023cef102800 JavaThread "Keep-Alive-Timer" daemon [_thread_blocked, id=17916, stack(0x000000b107f00000,0x000000b108000000)]
  0x0000023cef101800 JavaThread "Exec Default Executor" daemon [_thread_in_native, id=23176, stack(0x000000b108800000,0x000000b108900000)]
  0x0000023cef0ff000 JavaThread "Exec Stream Pumper" daemon [_thread_in_native, id=19300, stack(0x000000b108900000,0x000000b108a00000)]
  0x0000023cef0fd800 JavaThread "UrlChecker-2" daemon [_thread_blocked, id=15744, stack(0x000000b108b00000,0x000000b108c00000)]
  0x0000023cef104000 JavaThread "Exec Stream Pumper" daemon [_thread_in_native, id=3180, stack(0x000000b108c00000,0x000000b108d00000)]
  0x0000023cef100000 JavaThread "ForkJoinPool.commonPool-worker-3" daemon [_thread_blocked, id=24536, stack(0x000000b108e00000,0x000000b108f00000)]
  0x0000023ceffb7000 JavaThread "ForkJoinPool.commonPool-worker-5" daemon [_thread_blocked, id=18128, stack(0x000000b108f00000,0x000000b109000000)]
  0x0000023ceffb7800 JavaThread "ForkJoinPool.commonPool-worker-7" daemon [_thread_blocked, id=22652, stack(0x000000b109000000,0x000000b109100000)]
  0x0000023ceffb9800 JavaThread "OkHttp ConnectionPool" daemon [_thread_blocked, id=14440, stack(0x000000b109100000,0x000000b109200000)]
  0x0000023ceffb8800 JavaThread "Okio Watchdog" daemon [_thread_blocked, id=14604, stack(0x000000b109200000,0x000000b109300000)]
  0x0000023cf03d8000 JavaThread "C2 CompilerThread1" daemon [_thread_in_native, id=1892, stack(0x000000b108d00000,0x000000b108e00000)]

Other Threads:
  0x0000023cee679000 VMThread "VM Thread" [stack: 0x000000b107400000,0x000000b107500000] [id=20740]
  0x0000023cef107800 WatcherThread [stack: 0x000000b107d00000,0x000000b107e00000] [id=24868]
  0x0000023cca77c800 GCTaskThread "GC Thread#0" [stack: 0x000000b106f00000,0x000000b107000000] [id=24712]
  0x0000023cefdac000 GCTaskThread "GC Thread#1" [stack: 0x000000b108200000,0x000000b108300000] [id=10944]
  0x0000023cefda5800 GCTaskThread "GC Thread#2" [stack: 0x000000b108300000,0x000000b108400000] [id=25160]
  0x0000023cefda9800 GCTaskThread "GC Thread#3" [stack: 0x000000b108400000,0x000000b108500000] [id=21744]
  0x0000023cefdad000 GCTaskThread "GC Thread#4" [stack: 0x000000b108500000,0x000000b108600000] [id=5304]
  0x0000023cefdaa000 GCTaskThread "GC Thread#5" [stack: 0x000000b108600000,0x000000b108700000] [id=25892]
  0x0000023cca7da000 ConcurrentGCThread "G1 Main Marker" [stack: 0x000000b107000000,0x000000b107100000] [id=16492]
  0x0000023cca7dd800 ConcurrentGCThread "G1 Conc#0" [stack: 0x000000b107100000,0x000000b107200000] [id=14328]
  0x0000023cefda6800 ConcurrentGCThread "G1 Conc#1" [stack: 0x000000b108a00000,0x000000b108b00000] [id=8476]
  0x0000023cee55d000 ConcurrentGCThread "G1 Refine#0" [stack: 0x000000b107200000,0x000000b107300000] [id=12932]
  0x0000023cef20d000 ConcurrentGCThread "G1 Refine#1" [stack: 0x000000b108700000,0x000000b108800000] [id=13624]
  0x0000023cee55f800 ConcurrentGCThread "G1 Young RemSet Sampling" [stack: 0x000000b107300000,0x000000b107400000] [id=27200]

Threads with active compile tasks:
C2 CompilerThread02121   !   4       jdk.internal.loader.BuiltinClassLoader::loadClassOrNull (143 bytes)
C2 CompilerThread12165       4       java.lang.String::lastIndexOf (29 bytes)

VM state:not at safepoint (normal execution)

VM Mutex/Monitor currently owned by a thread: None

Heap address: 0x0000000703e00000, size: 4034 MB, Compressed Oops mode: Zero based, Oop shift amount: 3
Narrow klass base: 0x0000000800000000, Narrow klass shift: 0
Compressed class space size: 1073741824 Address: 0x0000000800000000

Heap:
 garbage-first heap   total 260096K, used 45412K [0x0000000703e00000, 0x0000000800000000)
  region size 1024K, 39 young (39936K), 1 survivors (1024K)
 Metaspace       used 27628K, capacity 28104K, committed 28416K, reserved 1079296K
  class space    used 3320K, capacity 3520K, committed 3584K, reserved 1048576K
Heap Regions: E=young(eden), S=young(survivor), O=old, HS=humongous(starts), HC=humongous(continues), CS=collection set, F=free, A=archive, TAMS=top-at-mark-start (previous, next)
|   0|0x0000000703e00000, 0x0000000703f00000, 0x0000000703f00000|100%| O|  |TAMS 0x0000000703f00000, 0x0000000703e00000| Untracked 
|   1|0x0000000703f00000, 0x0000000704000000, 0x0000000704000000|100%| O|  |TAMS 0x0000000704000000, 0x0000000703f00000| Untracked 
|   2|0x0000000704000000, 0x0000000704100000, 0x0000000704100000|100%| O|  |TAMS 0x0000000704100000, 0x0000000704000000| Untracked 
|   3|0x0000000704100000, 0x0000000704200000, 0x0000000704200000|100%| O|  |TAMS 0x0000000704200000, 0x0000000704100000| Untracked 
|   4|0x0000000704200000, 0x0000000704300000, 0x0000000704300000|100%| O|  |TAMS 0x0000000704300000, 0x0000000704200000| Untracked 
|   5|0x0000000704300000, 0x0000000704400000, 0x0000000704400000|100%| O|  |TAMS 0x0000000704400000, 0x0000000704300000| Untracked 
|   6|0x0000000704400000, 0x000000070447bc00, 0x0000000704500000| 48%| O|  |TAMS 0x000000070447bc00, 0x0000000704400000| Untracked 
|   7|0x0000000704500000, 0x0000000704500000, 0x0000000704600000|  0%| F|  |TAMS 0x0000000704500000, 0x0000000704500000| Untracked 
|   8|0x0000000704600000, 0x0000000704600000, 0x0000000704700000|  0%| F|  |TAMS 0x0000000704600000, 0x0000000704600000| Untracked 
|   9|0x0000000704700000, 0x0000000704700000, 0x0000000704800000|  0%| F|  |TAMS 0x0000000704700000, 0x0000000704700000| Untracked 
|  10|0x0000000704800000, 0x0000000704800000, 0x0000000704900000|  0%| F|  |TAMS 0x0000000704800000, 0x0000000704800000| Untracked 
|  11|0x0000000704900000, 0x0000000704900000, 0x0000000704a00000|  0%| F|  |TAMS 0x0000000704900000, 0x0000000704900000| Untracked 
|  12|0x0000000704a00000, 0x0000000704a00000, 0x0000000704b00000|  0%| F|  |TAMS 0x0000000704a00000, 0x0000000704a00000| Untracked 
|  13|0x0000000704b00000, 0x0000000704b00000, 0x0000000704c00000|  0%| F|  |TAMS 0x0000000704b00000, 0x0000000704b00000| Untracked 
|  14|0x0000000704c00000, 0x0000000704c00000, 0x0000000704d00000|  0%| F|  |TAMS 0x0000000704c00000, 0x0000000704c00000| Untracked 
|  15|0x0000000704d00000, 0x0000000704d00000, 0x0000000704e00000|  0%| F|  |TAMS 0x0000000704d00000, 0x0000000704d00000| Untracked 
|  16|0x0000000704e00000, 0x0000000704e00000, 0x0000000704f00000|  0%| F|  |TAMS 0x0000000704e00000, 0x0000000704e00000| Untracked 
|  17|0x0000000704f00000, 0x0000000704f00000, 0x0000000705000000|  0%| F|  |TAMS 0x0000000704f00000, 0x0000000704f00000| Untracked 
|  18|0x0000000705000000, 0x0000000705000000, 0x0000000705100000|  0%| F|  |TAMS 0x0000000705000000, 0x0000000705000000| Untracked 
|  19|0x0000000705100000, 0x0000000705100000, 0x0000000705200000|  0%| F|  |TAMS 0x0000000705100000, 0x0000000705100000| Untracked 
|  20|0x0000000705200000, 0x0000000705200000, 0x0000000705300000|  0%| F|  |TAMS 0x0000000705200000, 0x0000000705200000| Untracked 
|  21|0x0000000705300000, 0x0000000705300000, 0x0000000705400000|  0%| F|  |TAMS 0x0000000705300000, 0x0000000705300000| Untracked 
|  22|0x0000000705400000, 0x0000000705400000, 0x0000000705500000|  0%| F|  |TAMS 0x0000000705400000, 0x0000000705400000| Untracked 
|  23|0x0000000705500000, 0x0000000705500000, 0x0000000705600000|  0%| F|  |TAMS 0x0000000705500000, 0x0000000705500000| Untracked 
|  24|0x0000000705600000, 0x0000000705600000, 0x0000000705700000|  0%| F|  |TAMS 0x0000000705600000, 0x0000000705600000| Untracked 
|  25|0x0000000705700000, 0x0000000705700000, 0x0000000705800000|  0%| F|  |TAMS 0x0000000705700000, 0x0000000705700000| Untracked 
|  26|0x0000000705800000, 0x0000000705800000, 0x0000000705900000|  0%| F|  |TAMS 0x0000000705800000, 0x0000000705800000| Untracked 
|  27|0x0000000705900000, 0x0000000705900000, 0x0000000705a00000|  0%| F|  |TAMS 0x0000000705900000, 0x0000000705900000| Untracked 
|  28|0x0000000705a00000, 0x0000000705a00000, 0x0000000705b00000|  0%| F|  |TAMS 0x0000000705a00000, 0x0000000705a00000| Untracked 
|  29|0x0000000705b00000, 0x0000000705b00000, 0x0000000705c00000|  0%| F|  |TAMS 0x0000000705b00000, 0x0000000705b00000| Untracked 
|  30|0x0000000705c00000, 0x0000000705c00000, 0x0000000705d00000|  0%| F|  |TAMS 0x0000000705c00000, 0x0000000705c00000| Untracked 
|  31|0x0000000705d00000, 0x0000000705d00000, 0x0000000705e00000|  0%| F|  |TAMS 0x0000000705d00000, 0x0000000705d00000| Untracked 
|  32|0x0000000705e00000, 0x0000000705e00000, 0x0000000705f00000|  0%| F|  |TAMS 0x0000000705e00000, 0x0000000705e00000| Untracked 
|  33|0x0000000705f00000, 0x0000000705f00000, 0x0000000706000000|  0%| F|  |TAMS 0x0000000705f00000, 0x0000000705f00000| Untracked 
|  34|0x0000000706000000, 0x0000000706000000, 0x0000000706100000|  0%| F|  |TAMS 0x0000000706000000, 0x0000000706000000| Untracked 
|  35|0x0000000706100000, 0x0000000706100000, 0x0000000706200000|  0%| F|  |TAMS 0x0000000706100000, 0x0000000706100000| Untracked 
|  36|0x0000000706200000, 0x0000000706200000, 0x0000000706300000|  0%| F|  |TAMS 0x0000000706200000, 0x0000000706200000| Untracked 
|  37|0x0000000706300000, 0x0000000706300000, 0x0000000706400000|  0%| F|  |TAMS 0x0000000706300000, 0x0000000706300000| Untracked 
|  38|0x0000000706400000, 0x0000000706400000, 0x0000000706500000|  0%| F|  |TAMS 0x0000000706400000, 0x0000000706400000| Untracked 
|  39|0x0000000706500000, 0x0000000706500000, 0x0000000706600000|  0%| F|  |TAMS 0x0000000706500000, 0x0000000706500000| Untracked 
|  40|0x0000000706600000, 0x0000000706600000, 0x0000000706700000|  0%| F|  |TAMS 0x0000000706600000, 0x0000000706600000| Untracked 
|  41|0x0000000706700000, 0x0000000706700000, 0x0000000706800000|  0%| F|  |TAMS 0x0000000706700000, 0x0000000706700000| Untracked 
|  42|0x0000000706800000, 0x0000000706800000, 0x0000000706900000|  0%| F|  |TAMS 0x0000000706800000, 0x0000000706800000| Untracked 
|  43|0x0000000706900000, 0x0000000706900000, 0x0000000706a00000|  0%| F|  |TAMS 0x0000000706900000, 0x0000000706900000| Untracked 
|  44|0x0000000706a00000, 0x0000000706a00000, 0x0000000706b00000|  0%| F|  |TAMS 0x0000000706a00000, 0x0000000706a00000| Untracked 
|  45|0x0000000706b00000, 0x0000000706b00000, 0x0000000706c00000|  0%| F|  |TAMS 0x0000000706b00000, 0x0000000706b00000| Untracked 
|  46|0x0000000706c00000, 0x0000000706c00000, 0x0000000706d00000|  0%| F|  |TAMS 0x0000000706c00000, 0x0000000706c00000| Untracked 
|  47|0x0000000706d00000, 0x0000000706d00000, 0x0000000706e00000|  0%| F|  |TAMS 0x0000000706d00000, 0x0000000706d00000| Untracked 
|  48|0x0000000706e00000, 0x0000000706e00000, 0x0000000706f00000|  0%| F|  |TAMS 0x0000000706e00000, 0x0000000706e00000| Untracked 
|  49|0x0000000706f00000, 0x0000000706f00000, 0x0000000707000000|  0%| F|  |TAMS 0x0000000706f00000, 0x0000000706f00000| Untracked 
|  50|0x0000000707000000, 0x0000000707000000, 0x0000000707100000|  0%| F|  |TAMS 0x0000000707000000, 0x0000000707000000| Untracked 
|  51|0x0000000707100000, 0x0000000707100000, 0x0000000707200000|  0%| F|  |TAMS 0x0000000707100000, 0x0000000707100000| Untracked 
|  52|0x0000000707200000, 0x0000000707200000, 0x0000000707300000|  0%| F|  |TAMS 0x0000000707200000, 0x0000000707200000| Untracked 
|  53|0x0000000707300000, 0x0000000707300000, 0x0000000707400000|  0%| F|  |TAMS 0x0000000707300000, 0x0000000707300000| Untracked 
|  54|0x0000000707400000, 0x0000000707400000, 0x0000000707500000|  0%| F|  |TAMS 0x0000000707400000, 0x0000000707400000| Untracked 
|  55|0x0000000707500000, 0x0000000707500000, 0x0000000707600000|  0%| F|  |TAMS 0x0000000707500000, 0x0000000707500000| Untracked 
|  56|0x0000000707600000, 0x0000000707600000, 0x0000000707700000|  0%| F|  |TAMS 0x0000000707600000, 0x0000000707600000| Untracked 
|  57|0x0000000707700000, 0x0000000707700000, 0x0000000707800000|  0%| F|  |TAMS 0x0000000707700000, 0x0000000707700000| Untracked 
|  58|0x0000000707800000, 0x0000000707800000, 0x0000000707900000|  0%| F|  |TAMS 0x0000000707800000, 0x0000000707800000| Untracked 
|  59|0x0000000707900000, 0x0000000707900000, 0x0000000707a00000|  0%| F|  |TAMS 0x0000000707900000, 0x0000000707900000| Untracked 
|  60|0x0000000707a00000, 0x0000000707a00000, 0x0000000707b00000|  0%| F|  |TAMS 0x0000000707a00000, 0x0000000707a00000| Untracked 
|  61|0x0000000707b00000, 0x0000000707b00000, 0x0000000707c00000|  0%| F|  |TAMS 0x0000000707b00000, 0x0000000707b00000| Untracked 
|  62|0x0000000707c00000, 0x0000000707c00000, 0x0000000707d00000|  0%| F|  |TAMS 0x0000000707c00000, 0x0000000707c00000| Untracked 
|  63|0x0000000707d00000, 0x0000000707d00000, 0x0000000707e00000|  0%| F|  |TAMS 0x0000000707d00000, 0x0000000707d00000| Untracked 
|  64|0x0000000707e00000, 0x0000000707e00000, 0x0000000707f00000|  0%| F|  |TAMS 0x0000000707e00000, 0x0000000707e00000| Untracked 
|  65|0x0000000707f00000, 0x0000000707f00000, 0x0000000708000000|  0%| F|  |TAMS 0x0000000707f00000, 0x0000000707f00000| Untracked 
|  66|0x0000000708000000, 0x0000000708000000, 0x0000000708100000|  0%| F|  |TAMS 0x0000000708000000, 0x0000000708000000| Untracked 
|  67|0x0000000708100000, 0x0000000708100000, 0x0000000708200000|  0%| F|  |TAMS 0x0000000708100000, 0x0000000708100000| Untracked 
|  68|0x0000000708200000, 0x0000000708200000, 0x0000000708300000|  0%| F|  |TAMS 0x0000000708200000, 0x0000000708200000| Untracked 
|  69|0x0000000708300000, 0x0000000708300000, 0x0000000708400000|  0%| F|  |TAMS 0x0000000708300000, 0x0000000708300000| Untracked 
|  70|0x0000000708400000, 0x0000000708400000, 0x0000000708500000|  0%| F|  |TAMS 0x0000000708400000, 0x0000000708400000| Untracked 
|  71|0x0000000708500000, 0x0000000708500000, 0x0000000708600000|  0%| F|  |TAMS 0x0000000708500000, 0x0000000708500000| Untracked 
|  72|0x0000000708600000, 0x0000000708600000, 0x0000000708700000|  0%| F|  |TAMS 0x0000000708600000, 0x0000000708600000| Untracked 
|  73|0x0000000708700000, 0x0000000708700000, 0x0000000708800000|  0%| F|  |TAMS 0x0000000708700000, 0x0000000708700000| Untracked 
|  74|0x0000000708800000, 0x0000000708800000, 0x0000000708900000|  0%| F|  |TAMS 0x0000000708800000, 0x0000000708800000| Untracked 
|  75|0x0000000708900000, 0x0000000708900000, 0x0000000708a00000|  0%| F|  |TAMS 0x0000000708900000, 0x0000000708900000| Untracked 
|  76|0x0000000708a00000, 0x0000000708a00000, 0x0000000708b00000|  0%| F|  |TAMS 0x0000000708a00000, 0x0000000708a00000| Untracked 
|  77|0x0000000708b00000, 0x0000000708b00000, 0x0000000708c00000|  0%| F|  |TAMS 0x0000000708b00000, 0x0000000708b00000| Untracked 
|  78|0x0000000708c00000, 0x0000000708c00000, 0x0000000708d00000|  0%| F|  |TAMS 0x0000000708c00000, 0x0000000708c00000| Untracked 
|  79|0x0000000708d00000, 0x0000000708d00000, 0x0000000708e00000|  0%| F|  |TAMS 0x0000000708d00000, 0x0000000708d00000| Untracked 
|  80|0x0000000708e00000, 0x0000000708e00000, 0x0000000708f00000|  0%| F|  |TAMS 0x0000000708e00000, 0x0000000708e00000| Untracked 
|  81|0x0000000708f00000, 0x0000000708f00000, 0x0000000709000000|  0%| F|  |TAMS 0x0000000708f00000, 0x0000000708f00000| Untracked 
|  82|0x0000000709000000, 0x0000000709000000, 0x0000000709100000|  0%| F|  |TAMS 0x0000000709000000, 0x0000000709000000| Untracked 
|  83|0x0000000709100000, 0x0000000709100000, 0x0000000709200000|  0%| F|  |TAMS 0x0000000709100000, 0x0000000709100000| Untracked 
|  84|0x0000000709200000, 0x0000000709200000, 0x0000000709300000|  0%| F|  |TAMS 0x0000000709200000, 0x0000000709200000| Untracked 
|  85|0x0000000709300000, 0x0000000709300000, 0x0000000709400000|  0%| F|  |TAMS 0x0000000709300000, 0x0000000709300000| Untracked 
|  86|0x0000000709400000, 0x0000000709400000, 0x0000000709500000|  0%| F|  |TAMS 0x0000000709400000, 0x0000000709400000| Untracked 
|  87|0x0000000709500000, 0x0000000709500000, 0x0000000709600000|  0%| F|  |TAMS 0x0000000709500000, 0x0000000709500000| Untracked 
|  88|0x0000000709600000, 0x0000000709600000, 0x0000000709700000|  0%| F|  |TAMS 0x0000000709600000, 0x0000000709600000| Untracked 
|  89|0x0000000709700000, 0x0000000709700000, 0x0000000709800000|  0%| F|  |TAMS 0x0000000709700000, 0x0000000709700000| Untracked 
|  90|0x0000000709800000, 0x0000000709800000, 0x0000000709900000|  0%| F|  |TAMS 0x0000000709800000, 0x0000000709800000| Untracked 
|  91|0x0000000709900000, 0x0000000709900000, 0x0000000709a00000|  0%| F|  |TAMS 0x0000000709900000, 0x0000000709900000| Untracked 
|  92|0x0000000709a00000, 0x0000000709a00000, 0x0000000709b00000|  0%| F|  |TAMS 0x0000000709a00000, 0x0000000709a00000| Untracked 
|  93|0x0000000709b00000, 0x0000000709b00000, 0x0000000709c00000|  0%| F|  |TAMS 0x0000000709b00000, 0x0000000709b00000| Untracked 
|  94|0x0000000709c00000, 0x0000000709c00000, 0x0000000709d00000|  0%| F|  |TAMS 0x0000000709c00000, 0x0000000709c00000| Untracked 
|  95|0x0000000709d00000, 0x0000000709d00000, 0x0000000709e00000|  0%| F|  |TAMS 0x0000000709d00000, 0x0000000709d00000| Untracked 
|  96|0x0000000709e00000, 0x0000000709e00000, 0x0000000709f00000|  0%| F|  |TAMS 0x0000000709e00000, 0x0000000709e00000| Untracked 
|  97|0x0000000709f00000, 0x0000000709f00000, 0x000000070a000000|  0%| F|  |TAMS 0x0000000709f00000, 0x0000000709f00000| Untracked 
|  98|0x000000070a000000, 0x000000070a000000, 0x000000070a100000|  0%| F|  |TAMS 0x000000070a000000, 0x000000070a000000| Untracked 
|  99|0x000000070a100000, 0x000000070a100000, 0x000000070a200000|  0%| F|  |TAMS 0x000000070a100000, 0x000000070a100000| Untracked 
| 100|0x000000070a200000, 0x000000070a200000, 0x000000070a300000|  0%| F|  |TAMS 0x000000070a200000, 0x000000070a200000| Untracked 
| 101|0x000000070a300000, 0x000000070a300000, 0x000000070a400000|  0%| F|  |TAMS 0x000000070a300000, 0x000000070a300000| Untracked 
| 102|0x000000070a400000, 0x000000070a400000, 0x000000070a500000|  0%| F|  |TAMS 0x000000070a400000, 0x000000070a400000| Untracked 
| 103|0x000000070a500000, 0x000000070a500000, 0x000000070a600000|  0%| F|  |TAMS 0x000000070a500000, 0x000000070a500000| Untracked 
| 104|0x000000070a600000, 0x000000070a600000, 0x000000070a700000|  0%| F|  |TAMS 0x000000070a600000, 0x000000070a600000| Untracked 
| 105|0x000000070a700000, 0x000000070a700000, 0x000000070a800000|  0%| F|  |TAMS 0x000000070a700000, 0x000000070a700000| Untracked 
| 106|0x000000070a800000, 0x000000070a800000, 0x000000070a900000|  0%| F|  |TAMS 0x000000070a800000, 0x000000070a800000| Untracked 
| 107|0x000000070a900000, 0x000000070a900000, 0x000000070aa00000|  0%| F|  |TAMS 0x000000070a900000, 0x000000070a900000| Untracked 
| 108|0x000000070aa00000, 0x000000070aa00000, 0x000000070ab00000|  0%| F|  |TAMS 0x000000070aa00000, 0x000000070aa00000| Untracked 
| 109|0x000000070ab00000, 0x000000070ab00000, 0x000000070ac00000|  0%| F|  |TAMS 0x000000070ab00000, 0x000000070ab00000| Untracked 
| 110|0x000000070ac00000, 0x000000070ac00000, 0x000000070ad00000|  0%| F|  |TAMS 0x000000070ac00000, 0x000000070ac00000| Untracked 
| 111|0x000000070ad00000, 0x000000070ad00000, 0x000000070ae00000|  0%| F|  |TAMS 0x000000070ad00000, 0x000000070ad00000| Untracked 
| 112|0x000000070ae00000, 0x000000070ae00000, 0x000000070af00000|  0%| F|  |TAMS 0x000000070ae00000, 0x000000070ae00000| Untracked 
| 113|0x000000070af00000, 0x000000070af00000, 0x000000070b000000|  0%| F|  |TAMS 0x000000070af00000, 0x000000070af00000| Untracked 
| 114|0x000000070b000000, 0x000000070b000000, 0x000000070b100000|  0%| F|  |TAMS 0x000000070b000000, 0x000000070b000000| Untracked 
| 115|0x000000070b100000, 0x000000070b100000, 0x000000070b200000|  0%| F|  |TAMS 0x000000070b100000, 0x000000070b100000| Untracked 
| 116|0x000000070b200000, 0x000000070b200000, 0x000000070b300000|  0%| F|  |TAMS 0x000000070b200000, 0x000000070b200000| Untracked 
| 117|0x000000070b300000, 0x000000070b300000, 0x000000070b400000|  0%| F|  |TAMS 0x000000070b300000, 0x000000070b300000| Untracked 
| 118|0x000000070b400000, 0x000000070b400000, 0x000000070b500000|  0%| F|  |TAMS 0x000000070b400000, 0x000000070b400000| Untracked 
| 119|0x000000070b500000, 0x000000070b500000, 0x000000070b600000|  0%| F|  |TAMS 0x000000070b500000, 0x000000070b500000| Untracked 
| 120|0x000000070b600000, 0x000000070b600000, 0x000000070b700000|  0%| F|  |TAMS 0x000000070b600000, 0x000000070b600000| Untracked 
| 121|0x000000070b700000, 0x000000070b700000, 0x000000070b800000|  0%| F|  |TAMS 0x000000070b700000, 0x000000070b700000| Untracked 
| 122|0x000000070b800000, 0x000000070b800000, 0x000000070b900000|  0%| F|  |TAMS 0x000000070b800000, 0x000000070b800000| Untracked 
| 123|0x000000070b900000, 0x000000070b900000, 0x000000070ba00000|  0%| F|  |TAMS 0x000000070b900000, 0x000000070b900000| Untracked 
| 124|0x000000070ba00000, 0x000000070ba00000, 0x000000070bb00000|  0%| F|  |TAMS 0x000000070ba00000, 0x000000070ba00000| Untracked 
| 125|0x000000070bb00000, 0x000000070bb00000, 0x000000070bc00000|  0%| F|  |TAMS 0x000000070bb00000, 0x000000070bb00000| Untracked 
| 126|0x000000070bc00000, 0x000000070bc00000, 0x000000070bd00000|  0%| F|  |TAMS 0x000000070bc00000, 0x000000070bc00000| Untracked 
| 127|0x000000070bd00000, 0x000000070bd00000, 0x000000070be00000|  0%| F|  |TAMS 0x000000070bd00000, 0x000000070bd00000| Untracked 
| 128|0x000000070be00000, 0x000000070be00000, 0x000000070bf00000|  0%| F|  |TAMS 0x000000070be00000, 0x000000070be00000| Untracked 
| 129|0x000000070bf00000, 0x000000070bf00000, 0x000000070c000000|  0%| F|  |TAMS 0x000000070bf00000, 0x000000070bf00000| Untracked 
| 130|0x000000070c000000, 0x000000070c000000, 0x000000070c100000|  0%| F|  |TAMS 0x000000070c000000, 0x000000070c000000| Untracked 
| 131|0x000000070c100000, 0x000000070c100000, 0x000000070c200000|  0%| F|  |TAMS 0x000000070c100000, 0x000000070c100000| Untracked 
| 132|0x000000070c200000, 0x000000070c200000, 0x000000070c300000|  0%| F|  |TAMS 0x000000070c200000, 0x000000070c200000| Untracked 
| 133|0x000000070c300000, 0x000000070c300000, 0x000000070c400000|  0%| F|  |TAMS 0x000000070c300000, 0x000000070c300000| Untracked 
| 134|0x000000070c400000, 0x000000070c400000, 0x000000070c500000|  0%| F|  |TAMS 0x000000070c400000, 0x000000070c400000| Untracked 
| 135|0x000000070c500000, 0x000000070c500000, 0x000000070c600000|  0%| F|  |TAMS 0x000000070c500000, 0x000000070c500000| Untracked 
| 136|0x000000070c600000, 0x000000070c600000, 0x000000070c700000|  0%| F|  |TAMS 0x000000070c600000, 0x000000070c600000| Untracked 
| 137|0x000000070c700000, 0x000000070c700000, 0x000000070c800000|  0%| F|  |TAMS 0x000000070c700000, 0x000000070c700000| Untracked 
| 138|0x000000070c800000, 0x000000070c800000, 0x000000070c900000|  0%| F|  |TAMS 0x000000070c800000, 0x000000070c800000| Untracked 
| 139|0x000000070c900000, 0x000000070c900000, 0x000000070ca00000|  0%| F|  |TAMS 0x000000070c900000, 0x000000070c900000| Untracked 
| 140|0x000000070ca00000, 0x000000070ca00000, 0x000000070cb00000|  0%| F|  |TAMS 0x000000070ca00000, 0x000000070ca00000| Untracked 
| 141|0x000000070cb00000, 0x000000070cb00000, 0x000000070cc00000|  0%| F|  |TAMS 0x000000070cb00000, 0x000000070cb00000| Untracked 
| 142|0x000000070cc00000, 0x000000070cc00000, 0x000000070cd00000|  0%| F|  |TAMS 0x000000070cc00000, 0x000000070cc00000| Untracked 
| 143|0x000000070cd00000, 0x000000070cd00000, 0x000000070ce00000|  0%| F|  |TAMS 0x000000070cd00000, 0x000000070cd00000| Untracked 
| 144|0x000000070ce00000, 0x000000070ce00000, 0x000000070cf00000|  0%| F|  |TAMS 0x000000070ce00000, 0x000000070ce00000| Untracked 
| 145|0x000000070cf00000, 0x000000070cf00000, 0x000000070d000000|  0%| F|  |TAMS 0x000000070cf00000, 0x000000070cf00000| Untracked 
| 146|0x000000070d000000, 0x000000070d000000, 0x000000070d100000|  0%| F|  |TAMS 0x000000070d000000, 0x000000070d000000| Untracked 
| 147|0x000000070d100000, 0x000000070d100000, 0x000000070d200000|  0%| F|  |TAMS 0x000000070d100000, 0x000000070d100000| Untracked 
| 148|0x000000070d200000, 0x000000070d200000, 0x000000070d300000|  0%| F|  |TAMS 0x000000070d200000, 0x000000070d200000| Untracked 
| 149|0x000000070d300000, 0x000000070d300000, 0x000000070d400000|  0%| F|  |TAMS 0x000000070d300000, 0x000000070d300000| Untracked 
| 150|0x000000070d400000, 0x000000070d400000, 0x000000070d500000|  0%| F|  |TAMS 0x000000070d400000, 0x000000070d400000| Untracked 
| 151|0x000000070d500000, 0x000000070d500000, 0x000000070d600000|  0%| F|  |TAMS 0x000000070d500000, 0x000000070d500000| Untracked 
| 152|0x000000070d600000, 0x000000070d600000, 0x000000070d700000|  0%| F|  |TAMS 0x000000070d600000, 0x000000070d600000| Untracked 
| 153|0x000000070d700000, 0x000000070d700000, 0x000000070d800000|  0%| F|  |TAMS 0x000000070d700000, 0x000000070d700000| Untracked 
| 154|0x000000070d800000, 0x000000070d800000, 0x000000070d900000|  0%| F|  |TAMS 0x000000070d800000, 0x000000070d800000| Untracked 
| 155|0x000000070d900000, 0x000000070d900000, 0x000000070da00000|  0%| F|  |TAMS 0x000000070d900000, 0x000000070d900000| Untracked 
| 156|0x000000070da00000, 0x000000070da00000, 0x000000070db00000|  0%| F|  |TAMS 0x000000070da00000, 0x000000070da00000| Untracked 
| 157|0x000000070db00000, 0x000000070db00000, 0x000000070dc00000|  0%| F|  |TAMS 0x000000070db00000, 0x000000070db00000| Untracked 
| 158|0x000000070dc00000, 0x000000070dc00000, 0x000000070dd00000|  0%| F|  |TAMS 0x000000070dc00000, 0x000000070dc00000| Untracked 
| 159|0x000000070dd00000, 0x000000070dd00000, 0x000000070de00000|  0%| F|  |TAMS 0x000000070dd00000, 0x000000070dd00000| Untracked 
| 160|0x000000070de00000, 0x000000070de00000, 0x000000070df00000|  0%| F|  |TAMS 0x000000070de00000, 0x000000070de00000| Untracked 
| 161|0x000000070df00000, 0x000000070df00000, 0x000000070e000000|  0%| F|  |TAMS 0x000000070df00000, 0x000000070df00000| Untracked 
| 162|0x000000070e000000, 0x000000070e000000, 0x000000070e100000|  0%| F|  |TAMS 0x000000070e000000, 0x000000070e000000| Untracked 
| 163|0x000000070e100000, 0x000000070e100000, 0x000000070e200000|  0%| F|  |TAMS 0x000000070e100000, 0x000000070e100000| Untracked 
| 164|0x000000070e200000, 0x000000070e200000, 0x000000070e300000|  0%| F|  |TAMS 0x000000070e200000, 0x000000070e200000| Untracked 
| 165|0x000000070e300000, 0x000000070e300000, 0x000000070e400000|  0%| F|  |TAMS 0x000000070e300000, 0x000000070e300000| Untracked 
| 166|0x000000070e400000, 0x000000070e400000, 0x000000070e500000|  0%| F|  |TAMS 0x000000070e400000, 0x000000070e400000| Untracked 
| 167|0x000000070e500000, 0x000000070e500000, 0x000000070e600000|  0%| F|  |TAMS 0x000000070e500000, 0x000000070e500000| Untracked 
| 168|0x000000070e600000, 0x000000070e600000, 0x000000070e700000|  0%| F|  |TAMS 0x000000070e600000, 0x000000070e600000| Untracked 
| 169|0x000000070e700000, 0x000000070e700000, 0x000000070e800000|  0%| F|  |TAMS 0x000000070e700000, 0x000000070e700000| Untracked 
| 170|0x000000070e800000, 0x000000070e800000, 0x000000070e900000|  0%| F|  |TAMS 0x000000070e800000, 0x000000070e800000| Untracked 
| 171|0x000000070e900000, 0x000000070e900000, 0x000000070ea00000|  0%| F|  |TAMS 0x000000070e900000, 0x000000070e900000| Untracked 
| 172|0x000000070ea00000, 0x000000070ea00000, 0x000000070eb00000|  0%| F|  |TAMS 0x000000070ea00000, 0x000000070ea00000| Untracked 
| 173|0x000000070eb00000, 0x000000070eb00000, 0x000000070ec00000|  0%| F|  |TAMS 0x000000070eb00000, 0x000000070eb00000| Untracked 
| 174|0x000000070ec00000, 0x000000070ec00000, 0x000000070ed00000|  0%| F|  |TAMS 0x000000070ec00000, 0x000000070ec00000| Untracked 
| 175|0x000000070ed00000, 0x000000070ed00000, 0x000000070ee00000|  0%| F|  |TAMS 0x000000070ed00000, 0x000000070ed00000| Untracked 
| 176|0x000000070ee00000, 0x000000070ee00000, 0x000000070ef00000|  0%| F|  |TAMS 0x000000070ee00000, 0x000000070ee00000| Untracked 
| 177|0x000000070ef00000, 0x000000070ef00000, 0x000000070f000000|  0%| F|  |TAMS 0x000000070ef00000, 0x000000070ef00000| Untracked 
| 178|0x000000070f000000, 0x000000070f000000, 0x000000070f100000|  0%| F|  |TAMS 0x000000070f000000, 0x000000070f000000| Untracked 
| 179|0x000000070f100000, 0x000000070f100000, 0x000000070f200000|  0%| F|  |TAMS 0x000000070f100000, 0x000000070f100000| Untracked 
| 180|0x000000070f200000, 0x000000070f200000, 0x000000070f300000|  0%| F|  |TAMS 0x000000070f200000, 0x000000070f200000| Untracked 
| 181|0x000000070f300000, 0x000000070f300000, 0x000000070f400000|  0%| F|  |TAMS 0x000000070f300000, 0x000000070f300000| Untracked 
| 182|0x000000070f400000, 0x000000070f400000, 0x000000070f500000|  0%| F|  |TAMS 0x000000070f400000, 0x000000070f400000| Untracked 
| 183|0x000000070f500000, 0x000000070f500000, 0x000000070f600000|  0%| F|  |TAMS 0x000000070f500000, 0x000000070f500000| Untracked 
| 184|0x000000070f600000, 0x000000070f600000, 0x000000070f700000|  0%| F|  |TAMS 0x000000070f600000, 0x000000070f600000| Untracked 
| 185|0x000000070f700000, 0x000000070f700000, 0x000000070f800000|  0%| F|  |TAMS 0x000000070f700000, 0x000000070f700000| Untracked 
| 186|0x000000070f800000, 0x000000070f800000, 0x000000070f900000|  0%| F|  |TAMS 0x000000070f800000, 0x000000070f800000| Untracked 
| 187|0x000000070f900000, 0x000000070f900000, 0x000000070fa00000|  0%| F|  |TAMS 0x000000070f900000, 0x000000070f900000| Untracked 
| 188|0x000000070fa00000, 0x000000070fa00000, 0x000000070fb00000|  0%| F|  |TAMS 0x000000070fa00000, 0x000000070fa00000| Untracked 
| 189|0x000000070fb00000, 0x000000070fb00000, 0x000000070fc00000|  0%| F|  |TAMS 0x000000070fb00000, 0x000000070fb00000| Untracked 
| 190|0x000000070fc00000, 0x000000070fc00000, 0x000000070fd00000|  0%| F|  |TAMS 0x000000070fc00000, 0x000000070fc00000| Untracked 
| 191|0x000000070fd00000, 0x000000070fd00000, 0x000000070fe00000|  0%| F|  |TAMS 0x000000070fd00000, 0x000000070fd00000| Untracked 
| 192|0x000000070fe00000, 0x000000070fe00000, 0x000000070ff00000|  0%| F|  |TAMS 0x000000070fe00000, 0x000000070fe00000| Untracked 
| 193|0x000000070ff00000, 0x000000070ff00000, 0x0000000710000000|  0%| F|  |TAMS 0x000000070ff00000, 0x000000070ff00000| Untracked 
| 194|0x0000000710000000, 0x0000000710000000, 0x0000000710100000|  0%| F|  |TAMS 0x0000000710000000, 0x0000000710000000| Untracked 
| 195|0x0000000710100000, 0x0000000710100000, 0x0000000710200000|  0%| F|  |TAMS 0x0000000710100000, 0x0000000710100000| Untracked 
| 196|0x0000000710200000, 0x0000000710200000, 0x0000000710300000|  0%| F|  |TAMS 0x0000000710200000, 0x0000000710200000| Untracked 
| 197|0x0000000710300000, 0x0000000710300000, 0x0000000710400000|  0%| F|  |TAMS 0x0000000710300000, 0x0000000710300000| Untracked 
| 198|0x0000000710400000, 0x0000000710400000, 0x0000000710500000|  0%| F|  |TAMS 0x0000000710400000, 0x0000000710400000| Untracked 
| 199|0x0000000710500000, 0x0000000710500000, 0x0000000710600000|  0%| F|  |TAMS 0x0000000710500000, 0x0000000710500000| Untracked 
| 200|0x0000000710600000, 0x0000000710600000, 0x0000000710700000|  0%| F|  |TAMS 0x0000000710600000, 0x0000000710600000| Untracked 
| 201|0x0000000710700000, 0x0000000710700000, 0x0000000710800000|  0%| F|  |TAMS 0x0000000710700000, 0x0000000710700000| Untracked 
| 202|0x0000000710800000, 0x0000000710800000, 0x0000000710900000|  0%| F|  |TAMS 0x0000000710800000, 0x0000000710800000| Untracked 
| 203|0x0000000710900000, 0x0000000710900000, 0x0000000710a00000|  0%| F|  |TAMS 0x0000000710900000, 0x0000000710900000| Untracked 
| 204|0x0000000710a00000, 0x0000000710a00000, 0x0000000710b00000|  0%| F|  |TAMS 0x0000000710a00000, 0x0000000710a00000| Untracked 
| 205|0x0000000710b00000, 0x0000000710b00000, 0x0000000710c00000|  0%| F|  |TAMS 0x0000000710b00000, 0x0000000710b00000| Untracked 
| 206|0x0000000710c00000, 0x0000000710c00000, 0x0000000710d00000|  0%| F|  |TAMS 0x0000000710c00000, 0x0000000710c00000| Untracked 
| 207|0x0000000710d00000, 0x0000000710d00000, 0x0000000710e00000|  0%| F|  |TAMS 0x0000000710d00000, 0x0000000710d00000| Untracked 
| 208|0x0000000710e00000, 0x0000000710e00000, 0x0000000710f00000|  0%| F|  |TAMS 0x0000000710e00000, 0x0000000710e00000| Untracked 
| 209|0x0000000710f00000, 0x0000000710f00000, 0x0000000711000000|  0%| F|  |TAMS 0x0000000710f00000, 0x0000000710f00000| Untracked 
| 210|0x0000000711000000, 0x0000000711000000, 0x0000000711100000|  0%| F|  |TAMS 0x0000000711000000, 0x0000000711000000| Untracked 
| 211|0x0000000711100000, 0x0000000711100000, 0x0000000711200000|  0%| F|  |TAMS 0x0000000711100000, 0x0000000711100000| Untracked 
| 212|0x0000000711200000, 0x0000000711200000, 0x0000000711300000|  0%| F|  |TAMS 0x0000000711200000, 0x0000000711200000| Untracked 
| 213|0x0000000711300000, 0x0000000711300000, 0x0000000711400000|  0%| F|  |TAMS 0x0000000711300000, 0x0000000711300000| Untracked 
| 214|0x0000000711400000, 0x0000000711400000, 0x0000000711500000|  0%| F|  |TAMS 0x0000000711400000, 0x0000000711400000| Untracked 
| 215|0x0000000711500000, 0x0000000711600000, 0x0000000711600000|100%| E|  |TAMS 0x0000000711500000, 0x0000000711500000| Complete 
| 216|0x0000000711600000, 0x0000000711700000, 0x0000000711700000|100%| E|CS|TAMS 0x0000000711600000, 0x0000000711600000| Complete 
| 217|0x0000000711700000, 0x0000000711800000, 0x0000000711800000|100%| E|CS|TAMS 0x0000000711700000, 0x0000000711700000| Complete 
| 218|0x0000000711800000, 0x0000000711900000, 0x0000000711900000|100%| E|CS|TAMS 0x0000000711800000, 0x0000000711800000| Complete 
| 219|0x0000000711900000, 0x0000000711a00000, 0x0000000711a00000|100%| E|CS|TAMS 0x0000000711900000, 0x0000000711900000| Complete 
| 220|0x0000000711a00000, 0x0000000711b00000, 0x0000000711b00000|100%| E|CS|TAMS 0x0000000711a00000, 0x0000000711a00000| Complete 
| 221|0x0000000711b00000, 0x0000000711c00000, 0x0000000711c00000|100%| E|CS|TAMS 0x0000000711b00000, 0x0000000711b00000| Complete 
| 222|0x0000000711c00000, 0x0000000711d00000, 0x0000000711d00000|100%| E|CS|TAMS 0x0000000711c00000, 0x0000000711c00000| Complete 
| 223|0x0000000711d00000, 0x0000000711e00000, 0x0000000711e00000|100%| E|CS|TAMS 0x0000000711d00000, 0x0000000711d00000| Complete 
| 224|0x0000000711e00000, 0x0000000711f00000, 0x0000000711f00000|100%| E|CS|TAMS 0x0000000711e00000, 0x0000000711e00000| Complete 
| 225|0x0000000711f00000, 0x0000000712000000, 0x0000000712000000|100%| E|CS|TAMS 0x0000000711f00000, 0x0000000711f00000| Complete 
| 226|0x0000000712000000, 0x0000000712100000, 0x0000000712100000|100%| E|CS|TAMS 0x0000000712000000, 0x0000000712000000| Complete 
| 227|0x0000000712100000, 0x0000000712200000, 0x0000000712200000|100%| E|CS|TAMS 0x0000000712100000, 0x0000000712100000| Complete 
| 228|0x0000000712200000, 0x0000000712300000, 0x0000000712300000|100%| E|CS|TAMS 0x0000000712200000, 0x0000000712200000| Complete 
| 229|0x0000000712300000, 0x0000000712400000, 0x0000000712400000|100%| E|CS|TAMS 0x0000000712300000, 0x0000000712300000| Complete 
| 230|0x0000000712400000, 0x0000000712500000, 0x0000000712500000|100%| E|CS|TAMS 0x0000000712400000, 0x0000000712400000| Complete 
| 231|0x0000000712500000, 0x0000000712600000, 0x0000000712600000|100%| E|CS|TAMS 0x0000000712500000, 0x0000000712500000| Complete 
| 232|0x0000000712600000, 0x0000000712700000, 0x0000000712700000|100%| E|CS|TAMS 0x0000000712600000, 0x0000000712600000| Complete 
| 233|0x0000000712700000, 0x0000000712800000, 0x0000000712800000|100%| E|CS|TAMS 0x0000000712700000, 0x0000000712700000| Complete 
| 234|0x0000000712800000, 0x0000000712900000, 0x0000000712900000|100%| E|CS|TAMS 0x0000000712800000, 0x0000000712800000| Complete 
| 235|0x0000000712900000, 0x0000000712a00000, 0x0000000712a00000|100%| E|CS|TAMS 0x0000000712900000, 0x0000000712900000| Complete 
| 236|0x0000000712a00000, 0x0000000712b00000, 0x0000000712b00000|100%| E|CS|TAMS 0x0000000712a00000, 0x0000000712a00000| Complete 
| 237|0x0000000712b00000, 0x0000000712c00000, 0x0000000712c00000|100%| E|CS|TAMS 0x0000000712b00000, 0x0000000712b00000| Complete 
| 238|0x0000000712c00000, 0x0000000712d00000, 0x0000000712d00000|100%| E|CS|TAMS 0x0000000712c00000, 0x0000000712c00000| Complete 
| 239|0x0000000712d00000, 0x0000000712e00000, 0x0000000712e00000|100%| E|CS|TAMS 0x0000000712d00000, 0x0000000712d00000| Complete 
| 240|0x0000000712e00000, 0x0000000712f00000, 0x0000000712f00000|100%| E|CS|TAMS 0x0000000712e00000, 0x0000000712e00000| Complete 
| 241|0x0000000712f00000, 0x0000000713000000, 0x0000000713000000|100%| E|CS|TAMS 0x0000000712f00000, 0x0000000712f00000| Complete 
| 242|0x0000000713000000, 0x0000000713100000, 0x0000000713100000|100%| E|CS|TAMS 0x0000000713000000, 0x0000000713000000| Complete 
| 243|0x0000000713100000, 0x0000000713200000, 0x0000000713200000|100%| E|CS|TAMS 0x0000000713100000, 0x0000000713100000| Complete 
| 244|0x0000000713200000, 0x0000000713300000, 0x0000000713300000|100%| E|CS|TAMS 0x0000000713200000, 0x0000000713200000| Complete 
| 245|0x0000000713300000, 0x0000000713400000, 0x0000000713400000|100%| E|CS|TAMS 0x0000000713300000, 0x0000000713300000| Complete 
| 246|0x0000000713400000, 0x0000000713500000, 0x0000000713500000|100%| E|CS|TAMS 0x0000000713400000, 0x0000000713400000| Complete 
| 247|0x0000000713500000, 0x00000007135dd780, 0x0000000713600000| 86%| S|CS|TAMS 0x0000000713500000, 0x0000000713500000| Complete 
| 248|0x0000000713600000, 0x0000000713700000, 0x0000000713700000|100%| E|CS|TAMS 0x0000000713600000, 0x0000000713600000| Complete 
| 249|0x0000000713700000, 0x0000000713800000, 0x0000000713800000|100%| E|CS|TAMS 0x0000000713700000, 0x0000000713700000| Complete 
| 250|0x0000000713800000, 0x0000000713900000, 0x0000000713900000|100%| E|CS|TAMS 0x0000000713800000, 0x0000000713800000| Complete 
| 251|0x0000000713900000, 0x0000000713a00000, 0x0000000713a00000|100%| E|CS|TAMS 0x0000000713900000, 0x0000000713900000| Complete 
| 252|0x0000000713a00000, 0x0000000713b00000, 0x0000000713b00000|100%| E|CS|TAMS 0x0000000713a00000, 0x0000000713a00000| Complete 
| 253|0x0000000713b00000, 0x0000000713c00000, 0x0000000713c00000|100%| E|CS|TAMS 0x0000000713b00000, 0x0000000713b00000| Complete 

Card table byte_map: [0x0000023ce2d10000,0x0000023ce3500000] _byte_map_base: 0x0000023cdf4f1000

Marking Bits (Prev, Next): (CMBitMap*) 0x0000023cca7c9bc0, (CMBitMap*) 0x0000023cca7c9b88
 Prev Bits: [0x0000023ce7c00000, 0x0000023cebb08000)
 Next Bits: [0x0000023ce3cf0000, 0x0000023ce7bf8000)

Polling page: 0x0000023cc8e80000

Metaspace:

Usage:
  Non-class:     24.13 MB capacity,    23.80 MB ( 99%) used,   279.87 KB (  1%) free+waste,    59.63 KB ( <1%) overhead. 
      Class:      3.44 MB capacity,     3.25 MB ( 95%) used,   160.09 KB (  5%) free+waste,    28.75 KB ( <1%) overhead. 
       Both:     27.57 MB capacity,    27.06 MB ( 98%) used,   439.95 KB (  2%) free+waste,    88.38 KB ( <1%) overhead. 

Virtual space:
  Non-class space:       30.00 MB reserved,      24.25 MB ( 81%) committed 
      Class space:        1.00 GB reserved,       3.50 MB ( <1%) committed 
             Both:        1.03 GB reserved,      27.75 MB (  3%) committed 

Chunk freelists:
   Non-Class:  6.75 KB
       Class:  0 bytes
        Both:  6.75 KB

CodeHeap 'non-profiled nmethods': size=120000Kb used=928Kb max_used=928Kb free=119071Kb
 bounds [0x0000023cda590000, 0x0000023cda800000, 0x0000023ce1ac0000]
CodeHeap 'profiled nmethods': size=120000Kb used=4633Kb max_used=4633Kb free=115366Kb
 bounds [0x0000023cd3060000, 0x0000023cd34f0000, 0x0000023cda590000]
CodeHeap 'non-nmethods': size=5760Kb used=1161Kb max_used=1182Kb free=4598Kb
 bounds [0x0000023cd2ac0000, 0x0000023cd2d30000, 0x0000023cd3060000]
 total_blobs=3198 nmethods=2167 adapters=397
 compilation: enabled
              stopped_count=0, restarted_count=0
 full_count=0

Compilation events (10 events):
Event: 3.854 Thread 0x0000023ceef4e800 nmethod 2149 0x0000023cd34dfe10 code [0x0000023cd34dffc0, 0x0000023cd34e0198]
Event: 3.854 Thread 0x0000023ceef4e800 2150       3       java.lang.reflect.Field::setAccessible (21 bytes)
Event: 3.854 Thread 0x0000023ceef4e800 nmethod 2150 0x0000023cd34e0290 code [0x0000023cd34e04a0, 0x0000023cd34e0ab0]
Event: 3.854 Thread 0x0000023ceef4e800 2153       1       jdk.internal.reflect.ByteVectorImpl::getLength (7 bytes)
Event: 3.854 Thread 0x0000023ceef4e800 nmethod 2153 0x0000023cda673590 code [0x0000023cda673740, 0x0000023cda673858]
Event: 3.854 Thread 0x0000023ceef4e800 2152       3       sun.nio.cs.StreamEncoder::writeBytes (132 bytes)
Event: 3.855 Thread 0x0000023ceef4e800 nmethod 2152 0x0000023cd34e0d10 code [0x0000023cd34e0f80, 0x0000023cd34e1a40]
Event: 3.855 Thread 0x0000023ceef4e800 2151       1       java.lang.reflect.Field::getName (5 bytes)
Event: 3.855 Thread 0x0000023ceef4e800 nmethod 2151 0x0000023cda673910 code [0x0000023cda673ac0, 0x0000023cda673bd8]
Event: 3.855 Thread 0x0000023ceef4e800 2154       3       java.lang.StringBuilder::append (8 bytes)

GC Heap History (6 events):
Event: 1.355 GC heap before
{Heap before GC invocations=0 (full 0):
 garbage-first heap   total 260096K, used 24576K [0x0000000703e00000, 0x0000000800000000)
  region size 1024K, 24 young (24576K), 0 survivors (0K)
 Metaspace       used 17536K, capacity 17772K, committed 18048K, reserved 1064960K
  class space    used 1822K, capacity 1895K, committed 1920K, reserved 1048576K
}
Event: 1.364 GC heap after
{Heap after GC invocations=1 (full 0):
 garbage-first heap   total 260096K, used 6552K [0x0000000703e00000, 0x0000000800000000)
  region size 1024K, 3 young (3072K), 3 survivors (3072K)
 Metaspace       used 17536K, capacity 17772K, committed 18048K, reserved 1064960K
  class space    used 1822K, capacity 1895K, committed 1920K, reserved 1048576K
}
Event: 1.631 GC heap before
{Heap before GC invocations=1 (full 0):
 garbage-first heap   total 260096K, used 24984K [0x0000000703e00000, 0x0000000800000000)
  region size 1024K, 21 young (21504K), 3 survivors (3072K)
 Metaspace       used 20438K, capacity 20714K, committed 20864K, reserved 1067008K
  class space    used 2292K, capacity 2386K, committed 2432K, reserved 1048576K
}
Event: 1.636 GC heap after
{Heap after GC invocations=2 (full 0):
 garbage-first heap   total 260096K, used 7435K [0x0000000703e00000, 0x0000000800000000)
  region size 1024K, 1 young (1024K), 1 survivors (1024K)
 Metaspace       used 20438K, capacity 20714K, committed 20864K, reserved 1067008K
  class space    used 2292K, capacity 2386K, committed 2432K, reserved 1048576K
}
Event: 1.727 GC heap before
{Heap before GC invocations=2 (full 0):
 garbage-first heap   total 260096K, used 12555K [0x0000000703e00000, 0x0000000800000000)
  region size 1024K, 7 young (7168K), 1 survivors (1024K)
 Metaspace       used 20952K, capacity 21186K, committed 21248K, reserved 1069056K
  class space    used 2418K, capacity 2519K, committed 2560K, reserved 1048576K
}
Event: 1.728 GC heap after
{Heap after GC invocations=3 (full 0):
 garbage-first heap   total 260096K, used 7524K [0x0000000703e00000, 0x0000000800000000)
  region size 1024K, 1 young (1024K), 1 survivors (1024K)
 Metaspace       used 20952K, capacity 21186K, committed 21248K, reserved 1069056K
  class space    used 2418K, capacity 2519K, committed 2560K, reserved 1048576K
}

Deoptimization events (10 events):
Event: 1.681 Thread 0x0000023cca767800 Uncommon trap: reason=unstable_if action=reinterpret pc=0x0000023cda616f58 method=java.util.zip.ZipFile.getZipEntry(Ljava/lang/String;[BILjava/util/function/Function;)Ljava/util/zip/ZipEntry; @ 52 c2
Event: 2.995 Thread 0x0000023ceffb7000 Uncommon trap: reason=class_check action=maybe_recompile pc=0x0000023cda62e1dc method=java.util.concurrent.ConcurrentHashMap.putVal(Ljava/lang/Object;Ljava/lang/Object;Z)Ljava/lang/Object; @ 242 c2
Event: 3.077 Thread 0x0000023cca767800 Uncommon trap: reason=unstable_if action=reinterpret pc=0x0000023cda5ee94c method=java.util.regex.Pattern$Start.match(Ljava/util/regex/Matcher;ILjava/lang/CharSequence;)Z @ 10 c2
Event: 3.581 Thread 0x0000023cca767800 Uncommon trap: reason=class_check action=maybe_recompile pc=0x0000023cda657370 method=org.openqa.selenium.json.Input.init()V @ 18 c2
Event: 3.581 Thread 0x0000023cca767800 Uncommon trap: reason=class_check action=maybe_recompile pc=0x0000023cda657370 method=org.openqa.selenium.json.Input.init()V @ 18 c2
Event: 3.581 Thread 0x0000023cca767800 Uncommon trap: reason=class_check action=maybe_recompile pc=0x0000023cda657370 method=org.openqa.selenium.json.Input.init()V @ 18 c2
Event: 3.581 Thread 0x0000023cca767800 Uncommon trap: reason=class_check action=maybe_recompile pc=0x0000023cda657370 method=org.openqa.selenium.json.Input.init()V @ 18 c2
Event: 3.603 Thread 0x0000023cca767800 Uncommon trap: reason=unstable_if action=reinterpret pc=0x0000023cda62e28c method=java.lang.String.equals(Ljava/lang/Object;)Z @ 34 c2
Event: 3.603 Thread 0x0000023cca767800 Uncommon trap: reason=unstable_if action=reinterpret pc=0x0000023cda5aca58 method=java.lang.String.equals(Ljava/lang/Object;)Z @ 34 c2
Event: 3.753 Thread 0x0000023cca767800 Uncommon trap: reason=unstable_if action=reinterpret pc=0x0000023cda64cc88 method=java.net.URLStreamHandler.parseURL(Ljava/net/URL;Ljava/lang/String;II)V @ 725 c2

Classes redefined (0 events):
No events

Internal exceptions (10 events):
Event: 2.915 Thread 0x0000023cca767800 Exception <a 'java/lang/NoSuchMethodError'{0x0000000712e9b640}: java.lang.invoke.DirectMethodHandle$Holder.invokeVirtual(Ljava/lang/Object;Ljava/lang/Object;Ljava/lang/Object;)Ljava/lang/Object;> (0x0000000712e9b640) thrown at [t:/workspace/open/src/hotsp
Event: 2.927 Thread 0x0000023cca767800 Exception <a 'java/lang/NoSuchMethodError'{0x0000000712d13f28}: java.lang.invoke.DirectMethodHandle$Holder.invokeSpecial(Ljava/lang/Object;Ljava/lang/Object;Ljava/lang/Object;Ljava/lang/Object;)V> (0x0000000712d13f28) thrown at [t:/workspace/open/src/hots
Event: 2.943 Thread 0x0000023cca767800 Exception <a 'java/lang/NoSuchMethodError'{0x0000000712c376d8}: java.lang.invoke.DirectMethodHandle$Holder.invokeSpecial(Ljava/lang/Object;Ljava/lang/Object;Ljava/lang/Object;Ljava/lang/Object;Ljava/lang/Object;)V> (0x0000000712c376d8) thrown at [t:/works
Event: 2.989 Thread 0x0000023cca767800 Exception <a 'java/lang/NoSuchMethodError'{0x0000000712a621f8}: java.lang.invoke.DirectMethodHandle$Holder.invokeStatic(Ljava/lang/Object;Ljava/lang/Object;Ljava/lang/Object;Ljava/lang/Object;Ljava/lang/Object;Ljava/lang/Object;)V> (0x0000000712a621f8) th
Event: 2.996 Thread 0x0000023cca767800 Exception <a 'java/lang/NoSuchMethodError'{0x000000071280a6f0}: java.lang.invoke.DirectMethodHandle$Holder.invokeStatic(Ljava/lang/Object;Ljava/lang/Object;Ljava/lang/Object;Ljava/lang/Object;Ljava/lang/Object;)V> (0x000000071280a6f0) thrown at [t:/worksp
Event: 3.073 Thread 0x0000023cca767800 Exception <a 'java/lang/NoSuchMethodError'{0x00000007125d3610}: java.lang.invoke.DirectMethodHandle$Holder.invokeStatic(Ljava/lang/Object;Ljava/lang/Object;Ljava/lang/Object;Ljava/lang/Object;)V> (0x00000007125d3610) thrown at [t:/workspace/open/src/hotsp
Event: 3.584 Thread 0x0000023cca767800 Exception <a 'java/lang/NoSuchMethodError'{0x0000000712224948}: java.lang.invoke.DirectMethodHandle$Holder.invokeSpecialIFC(Ljava/lang/Object;Ljava/lang/Object;Ljava/lang/Object;)Ljava/lang/Object;> (0x0000000712224948) thrown at [t:/workspace/open/src/ho
Event: 3.593 Thread 0x0000023cca767800 Exception <a 'java/lang/ClassNotFoundException'{0x0000000712265be8}: sun/misc/SharedSecrets> (0x0000000712265be8) thrown at [t:/workspace/open/src/hotspot/share/classfile/systemDictionary.cpp, line 231]
Event: 3.593 Thread 0x0000023cca767800 Exception <a 'java/lang/reflect/InvocationTargetException'{0x0000000712266160}> (0x0000000712266160) thrown at [t:/workspace/open/src/hotspot/share/runtime/reflection.cpp, line 1242]
Event: 3.753 Thread 0x0000023cca767800 Implicit null exception at 0x0000023cda649b75 to 0x0000023cda64cc4e

Events (10 events):
Event: 3.845 loading class org/picocontainer/annotations/Inject
Event: 3.845 loading class org/picocontainer/annotations/Inject done
Event: 3.845 loading class org/picocontainer/injectors/AdaptingInjection$1
Event: 3.845 loading class org/picocontainer/injectors/AdaptingInjection$1 done
Event: 3.846 loading class org/picocontainer/injectors/AbstractInjectionFactory$LifecycleAdapter
Event: 3.846 loading class org/picocontainer/injectors/AbstractInjectionFactory$LifecycleAdapter done
Event: 3.851 loading class gherkin/formatter/model/DocString
Event: 3.851 loading class gherkin/formatter/model/DocString done
Event: 3.851 loading class gherkin/formatter/model/DataTableRow
Event: 3.851 loading class gherkin/formatter/model/DataTableRow done


Dynamic libraries:
0x00007ff6c69c0000 - 0x00007ff6c6a05000 	C:\Program Files\Java\Open JKD -11\bin\javaw.exe
0x00007ffb12e10000 - 0x00007ffb13005000 	C:\Windows\SYSTEM32\ntdll.dll
0x00007ffb12b70000 - 0x00007ffb12c2d000 	C:\Windows\System32\KERNEL32.DLL
0x00007ffb10910000 - 0x00007ffb10bdd000 	C:\Windows\System32\KERNELBASE.dll
0x00007ffb11990000 - 0x00007ffb11b30000 	C:\Windows\System32\USER32.dll
0x00007ffb10be0000 - 0x00007ffb10c02000 	C:\Windows\System32\win32u.dll
0x00007ffb11010000 - 0x00007ffb1103a000 	C:\Windows\System32\GDI32.dll
0x00007ffb10800000 - 0x00007ffb1090b000 	C:\Windows\System32\gdi32full.dll
0x00007ffb10c10000 - 0x00007ffb10cad000 	C:\Windows\System32\msvcp_win.dll
0x00007ffb10550000 - 0x00007ffb10650000 	C:\Windows\System32\ucrtbase.dll
0x00007ffaf8c30000 - 0x00007ffaf8eca000 	C:\Windows\WinSxS\amd64_microsoft.windows.common-controls_6595b64144ccf1df_6.0.19041.1110_none_60b5254171f9507e\COMCTL32.dll
0x00007ffb12d30000 - 0x00007ffb12dce000 	C:\Windows\System32\msvcrt.dll
0x00007ffb12930000 - 0x00007ffb12960000 	C:\Windows\System32\IMM32.DLL
0x00007ffb071f0000 - 0x00007ffb07206000 	C:\Program Files\Java\Open JKD -11\bin\vcruntime140.dll
0x00007ffaddc70000 - 0x00007ffaddd1a000 	C:\Program Files\Java\Open JKD -11\bin\msvcp140.dll
0x00007ffabe2d0000 - 0x00007ffabee11000 	C:\Program Files\Java\Open JKD -11\bin\server\jvm.dll
0x00007ffb120c0000 - 0x00007ffb1216e000 	C:\Windows\System32\ADVAPI32.dll
0x00007ffb118f0000 - 0x00007ffb1198c000 	C:\Windows\System32\sechost.dll
0x00007ffb11f90000 - 0x00007ffb120b5000 	C:\Windows\System32\RPCRT4.dll
0x00007ffb12170000 - 0x00007ffb12178000 	C:\Windows\System32\PSAPI.DLL
0x00007ffb05300000 - 0x00007ffb0530a000 	C:\Windows\SYSTEM32\VERSION.dll
0x00007ffaeb550000 - 0x00007ffaeb577000 	C:\Windows\SYSTEM32\WINMM.dll
0x00007ffafbf00000 - 0x00007ffafbf09000 	C:\Windows\SYSTEM32\WSOCK32.dll
0x00007ffb11e90000 - 0x00007ffb11efb000 	C:\Windows\System32\WS2_32.dll
0x00007ffb0edd0000 - 0x00007ffb0ede2000 	C:\Windows\SYSTEM32\kernel.appcore.dll
0x00007ffae3c40000 - 0x00007ffae3c51000 	C:\Program Files\Java\Open JKD -11\bin\verify.dll
0x00007ffb0a6e0000 - 0x00007ffb0a8c4000 	C:\Windows\SYSTEM32\DBGHELP.DLL
0x00007ffaf3900000 - 0x00007ffaf392c000 	C:\Windows\SYSTEM32\dbgcore.DLL
0x00007ffb10cb0000 - 0x00007ffb10d32000 	C:\Windows\System32\bcryptPrimitives.dll
0x00007fface840000 - 0x00007fface868000 	C:\Program Files\Java\Open JKD -11\bin\java.dll
0x00007ffae05c0000 - 0x00007ffae05d6000 	C:\Program Files\Java\Open JKD -11\bin\zip.dll
0x00007ffafbda0000 - 0x00007ffafbdaa000 	C:\Program Files\Java\Open JKD -11\bin\jimage.dll
0x00007ffb12180000 - 0x00007ffb128c4000 	C:\Windows\System32\SHELL32.dll
0x00007ffb0e4f0000 - 0x00007ffb0ec84000 	C:\Windows\SYSTEM32\windows.storage.dll
0x00007ffb11b30000 - 0x00007ffb11e84000 	C:\Windows\System32\combase.dll
0x00007ffb0ff10000 - 0x00007ffb0ff3c000 	C:\Windows\SYSTEM32\Wldp.dll
0x00007ffb12970000 - 0x00007ffb12a1d000 	C:\Windows\System32\SHCORE.dll
0x00007ffb128d0000 - 0x00007ffb12925000 	C:\Windows\System32\shlwapi.dll
0x00007ffb10460000 - 0x00007ffb1047f000 	C:\Windows\SYSTEM32\profapi.dll
0x00007ffad8a40000 - 0x00007ffad8a59000 	C:\Program Files\Java\Open JKD -11\bin\net.dll
0x00007ffb0f510000 - 0x00007ffb0f61a000 	C:\Windows\SYSTEM32\WINHTTP.dll
0x00007ffb0fc10000 - 0x00007ffb0fc7a000 	C:\Windows\system32\mswsock.dll
0x00007ffad87a0000 - 0x00007ffad87b3000 	C:\Program Files\Java\Open JKD -11\bin\nio.dll
0x00007ffb0f940000 - 0x00007ffb0fa0b000 	C:\Windows\SYSTEM32\DNSAPI.dll
0x00007ffb0f900000 - 0x00007ffb0f93b000 	C:\Windows\SYSTEM32\IPHLPAPI.DLL
0x00007ffb11f00000 - 0x00007ffb11f08000 	C:\Windows\System32\NSI.dll
0x00007ffb006c0000 - 0x00007ffb006ca000 	C:\Windows\System32\rasadhlp.dll
0x00007ffb07970000 - 0x00007ffb079f0000 	C:\Windows\System32\fwpuclnt.dll
0x00007ffb10520000 - 0x00007ffb10547000 	C:\Windows\System32\bcrypt.dll
0x00007ffabfd60000 - 0x00007ffabfd87000 	C:\Program Files\Java\Open JKD -11\bin\sunec.dll
0x00007ffb0fe00000 - 0x00007ffb0fe18000 	C:\Windows\SYSTEM32\CRYPTSP.dll
0x00007ffb0f480000 - 0x00007ffb0f4b4000 	C:\Windows\system32\rsaenh.dll
0x00007ffb10420000 - 0x00007ffb1044e000 	C:\Windows\SYSTEM32\USERENV.dll
0x00007ffb0fe20000 - 0x00007ffb0fe2c000 	C:\Windows\SYSTEM32\CRYPTBASE.dll
0x00007ffb07780000 - 0x00007ffb07797000 	C:\Windows\SYSTEM32\dhcpcsvc6.DLL
0x00007ffb07760000 - 0x00007ffb0777d000 	C:\Windows\SYSTEM32\dhcpcsvc.DLL
0x00007ffb04fe0000 - 0x00007ffb04fed000 	C:\Program Files\Java\Open JKD -11\bin\sunmscapi.dll
0x00007ffb10650000 - 0x00007ffb107a6000 	C:\Windows\System32\CRYPT32.dll
0x00007ffb0ff80000 - 0x00007ffb0ffa7000 	C:\Windows\SYSTEM32\ncrypt.dll
0x00007ffb0ff40000 - 0x00007ffb0ff7b000 	C:\Windows\SYSTEM32\NTASN1.dll
0x00007ffadee00000 - 0x00007ffadee17000 	C:\Windows\system32\napinsp.dll
0x00007ffadede0000 - 0x00007ffadedfb000 	C:\Windows\system32\pnrpnsp.dll
0x00007ffb07cc0000 - 0x00007ffb07cd5000 	C:\Windows\system32\wshbth.dll
0x00007ffb08960000 - 0x00007ffb0897d000 	C:\Windows\system32\NLAapi.dll
0x00007ffadedc0000 - 0x00007ffadedd2000 	C:\Windows\System32\winrnr.dll

dbghelp: loaded successfully - version: 4.0.5 - missing functions: none
symbol engine: initialized successfully - sym options: 0x614 - pdb path: .;C:\Program Files\Java\Open JKD -11\bin;C:\Windows\SYSTEM32;C:\Windows\WinSxS\amd64_microsoft.windows.common-controls_6595b64144ccf1df_6.0.19041.1110_none_60b5254171f9507e;C:\Program Files\Java\Open JKD -11\bin\server

VM Arguments:
jvm_args: -ea -Dfile.encoding=Cp1252 
java_command: org.testng.remote.RemoteTestNG -serport 53875 -protocol json -d C:\Users\sangeethapanicker\eclipse-workspace-new\ExitTest_Sangeetha\test-output C:\Users\SANGEE~1\AppData\Local\Temp\testng-eclipse--995856412\testng-customsuite.xml
java_class_path (initial): C:\Users\sangeethapanicker\eclipse\java-2021-12\eclipse\configuration\org.eclipse.osgi\432\0\.cp\lib\testng-remote.jar;C:\Users\sangeethapanicker\eclipse-workspace-new\ExitTest_Sangeetha\target\test-classes;C:\Users\sangeethapanicker\eclipse-workspace-new\ExitTest_Sangeetha\target\classes;C:\Users\sangeethapanicker\.m2\repository\org\testng\testng\6.14.3\testng-6.14.3.jar;C:\Users\sangeethapanicker\.m2\repository\com\beust\jcommander\1.72\jcommander-1.72.jar;C:\Users\sangeethapanicker\.m2\repository\org\apache-extras\beanshell\bsh\2.0b6\bsh-2.0b6.jar;C:\Users\sangeethapanicker\.m2\repository\com\relevantcodes\extentreports\2.41.2\extentreports-2.41.2.jar;C:\Users\sangeethapanicker\.m2\repository\org\jsoup\jsoup\1.8.3\jsoup-1.8.3.jar;C:\Users\sangeethapanicker\.m2\repository\org\xerial\sqlite-jdbc\3.8.11.1\sqlite-jdbc-3.8.11.1.jar;C:\Users\sangeethapanicker\.m2\repository\org\freemarker\freemarker\2.3.23\freemarker-2.3.23.jar;C:\Users\sangeethapanicker\.m2\repository\org\mongodb\mongodb-driver\3.0.4\mongodb-driver-3.0.4.jar;C:\Users\sangeethapanicker\.m2\repository\org\mongodb\bson\3.0.4\bson-3.0.4.jar;C:\Users\sangeethapanicker\.m2\repository\org\mongodb\mongodb-driver-core\3.0.4\mongodb-driver-core-3.0.4.jar;C:\Users\sangeethapanicker\.m2\repository\commons-io\commons-io\2.6\commons-io-2.6.jar;C:\Users\sangeethapanicker\.m2\repository\org\seleniumhq\selenium\selenium-java\3.141.59\selenium-java-3.141.59.jar;C:\Users\sangeethapanicker\.m2\repository\org\seleniumhq\selenium\selenium-chrome-driver\3.141.59\selenium-chrome-driver-3.141.59.jar;C:\Users\sangeethapanicker\.m2\repository\org\seleniumhq\selenium\selenium-edge-driver\3.141.59\selenium-edge-driver-3.141.59.jar;C:\Users\sangeethapanicker\.m2\repository\org\seleniumhq\selenium\selenium-firefox-driver\3.141.59\selenium-firefox-driver-3.141.59.jar;C:\Users\sangeethapanicker\.m2\repository\org\seleniumhq\selenium\selenium-ie-driver\3.141.59\selenium-ie-driver-3.141.59.jar;C:\Users\sang
Launcher Type: SUN_STANDARD

[Global flags]
     intx CICompilerCount                          = 4                                         {product} {ergonomic}
     uint ConcGCThreads                            = 2                                         {product} {ergonomic}
     uint G1ConcRefinementThreads                  = 8                                         {product} {ergonomic}
   size_t G1HeapRegionSize                         = 1048576                                   {product} {ergonomic}
    uintx GCDrainStackTargetSize                   = 64                                        {product} {ergonomic}
   size_t InitialHeapSize                          = 266338304                                 {product} {ergonomic}
   size_t MarkStackSize                            = 4194304                                   {product} {ergonomic}
   size_t MaxHeapSize                              = 4229955584                                {product} {ergonomic}
   size_t MaxNewSize                               = 2537553920                                {product} {ergonomic}
   size_t MinHeapDeltaBytes                        = 1048576                                   {product} {ergonomic}
    uintx NonNMethodCodeHeapSize                   = 5835340                                {pd product} {ergonomic}
    uintx NonProfiledCodeHeapSize                  = 122911450                              {pd product} {ergonomic}
    uintx ProfiledCodeHeapSize                     = 122911450                              {pd product} {ergonomic}
    uintx ReservedCodeCacheSize                    = 251658240                              {pd product} {ergonomic}
     bool SegmentedCodeCache                       = true                                      {product} {ergonomic}
     bool UseCompressedClassPointers               = true                                 {lp64_product} {ergonomic}
     bool UseCompressedOops                        = true                                 {lp64_product} {ergonomic}
     bool UseG1GC                                  = true                                      {product} {ergonomic}
     bool UseLargePagesIndividualAllocation        = false                                  {pd product} {ergonomic}

Logging:
Log output configuration:
 #0: stdout all=warning uptime,level,tags
 #1: stderr all=off uptime,level,tags

Environment Variables:
JAVA_HOME=C:\Program Files\Java\Open JKD -11
PATH=C:/Program Files/Java/Open JKD -11/bin/server;C:/Program Files/Java/Open JKD -11/bin;C:\Program Files\Java\Open JKD -11\bin;C:\Program Files\Python310\Scripts\;C:\Program Files\Python310\;C:\Program Files\Microsoft MPI\Bin\;C:\Windows\system32;C:\Windows;C:\Windows\System32\Wbem;C:\Windows\System32\WindowsPowerShell\v1.0\;C:\Windows\System32\OpenSSH\;C:\Program Files\TortoiseSVN\bin;C:\Program Files\dotnet\;C:\Program Files\Microsoft SQL Server\130\Tools\Binn\;C:\Program Files\Microsoft SQL Server\Client SDK\ODBC\170\Tools\Binn\;C:\Program Files\nodejs\;C:\Program Files (x86)\Microsoft SQL Server\150\DTS\Binn\;C:\Program Files\Azure Data Studio\bin;C:\Program Files (x86)\Microsoft SQL Server\140\Tools\Binn\;C:\Program Files\Microsoft SQL Server\140\Tools\Binn\;C:\Program Files (x86)\Microsoft SQL Server\140\DTS\Binn\;C:\Program Files\Microsoft SQL Server\140\DTS\Binn\;C:\Program Files\Microsoft SQL Server\Client SDK\ODBC\130\Tools\Binn\;C:\Program Files (x86)\Microsoft SQL Server\150\Tools\Binn\;C:\Program Files\Microsoft SQL Server\150\Tools\Binn\;C:\Program Files\Microsoft SQL Server\150\DTS\Binn\;C:\Users\sangeethapanicker\Downloads\apache-maven-3.8.4-bin\apache-maven-3.8.4\bin;C:\Program Files (x86)\dotnet\;C:\Users\sangeethapanicker\AppData\Local\Android\Sdk\build-tools;C:\Users\sangeethapanicker\AppData\Local\Android\Sdk\platform-tools;C:\Program Files\Git\cmd;C:\Users\sangeethapanicker\AppData\Local\Microsoft\WindowsApps;C:\Users\sangeethapanicker\.dotnet\tools;C:\Users\sangeethapanicker\AppData\Roaming\npm;C:\Program Files\Azure Data Studio\bin;C:\Users\sangeethapanicker\AppData\Local\Programs\Microsoft VS Code\bin;C:\Program Files\JetBrains\IntelliJ IDEA Community Edition 2021.3.2\bin;;C:\Program Files\JetBrains\PyCharm Community Edition 2022.1\bin;;C:\Users\sangeethpanicker\AppData\Roaming\Python\Python310;C:\Users\sangeethapanicker\AppData\Roaming\Python\Python310\Scripts;;C:\Users\sangeethapanicker\OneDrive - Nagarro\Desktop;
USERNAME=sangeethapanicker
OS=Windows_NT
PROCESSOR_IDENTIFIER=Intel64 Family 6 Model 142 Stepping 12, GenuineIntel



---------------  S Y S T E M  ---------------

OS: Windows 10 , 64 bit Build 19041 (10.0.19041.1706)

CPU:total 8 (initial active 8) (4 cores per cpu, 2 threads per core) family 6 model 142 stepping 12, cmov, cx8, fxsr, mmx, sse, sse2, sse3, ssse3, sse4.1, sse4.2, popcnt, avx, avx2, aes, clmul, erms, 3dnowpref, lzcnt, ht, tsc, tscinvbit, bmi1, bmi2, adx, fma

Memory: 4k page, system-wide physical 16134M (5054M free)
TotalPageFile size 29548M (AvailPageFile size 4M)
current process WorkingSet (physical memory assigned to process): 142M, peak: 142M
current process commit charge ("private bytes"): 390M, peak: 390M

vm_info: OpenJDK 64-Bit Server VM (11.0.1+13) for windows-amd64 JRE (11.0.1+13), built on Oct  6 2018 13:18:13 by "mach5one" with MS VC++ 15.5 (VS2017)

END.
